2025-09-13 16:50:26,873 - INFO - 已加载配置文件: config.json
2025-09-13 16:50:26,873 - INFO - ============================================================
2025-09-13 16:50:26,874 - INFO - WebSocket 监控系统
2025-09-13 16:50:26,874 - INFO - ============================================================
2025-09-13 16:50:26,874 - INFO - 运行模式: all
2025-09-13 16:50:26,874 - INFO - 监控目标: ws://localhost:8000/ws/chat
2025-09-13 16:50:26,874 - INFO - Web端口: 8001
2025-09-13 16:50:26,875 - INFO - 重连间隔: 5秒
2025-09-13 16:50:26,875 - INFO - 最大重连: 10次
2025-09-13 16:50:26,875 - INFO - ============================================================
2025-09-13 16:50:26,875 - INFO - 启动完整监控系统...
2025-09-13 16:50:26,894 - INFO - 监控客户端进程已启动
2025-09-13 16:50:27,415 - INFO - WebSocket监控器启动中...
2025-09-13 16:50:27,415 - INFO - 目标服务器: ws://localhost:8000/ws/chat
2025-09-13 16:50:27,416 - INFO - 正在连接到 ws://localhost:8000/ws/chat
2025-09-13 16:50:27,906 - INFO - Web界面进程已启动
2025-09-13 16:50:27,906 - INFO - ============================================================
2025-09-13 16:50:27,907 - INFO - 🚀 WebSocket监控系统已完全启动！
2025-09-13 16:50:27,918 - INFO - 📊 监控面板: http://localhost:8001
2025-09-13 16:50:27,919 - INFO - 🔍 监控目标: ws://localhost:8000/ws/chat
2025-09-13 16:50:27,919 - INFO - 按 Ctrl+C 停止系统
2025-09-13 16:50:27,920 - INFO - ============================================================
2025-09-13 16:50:28,444 - INFO - 启动Web界面，端口: 8001
2025-09-13 16:50:28,487 - INFO - WebSocket监控面板启动成功
2025-09-13 16:50:28,487 - INFO - 访问地址: http://localhost:8001
2025-09-13 16:50:29,491 - INFO - ✅ WebSocket连接成功建立
2025-09-13 16:50:29,491 - INFO - 🔍 开始监控聊天消息...
2025-09-13 16:50:29,492 - INFO - ℹ️  系统消息: 用户_3 加入了聊天室
2025-09-13 16:50:29,507 - INFO - 💬 [用户_2] 啊手动阀手动阀
2025-09-13 16:50:29,512 - INFO - 💬 [用户_1] 阿三发射点发
2025-09-13 16:50:43,471 - INFO - 💬 [用户_2] 在干什么？
2025-09-13 16:50:48,747 - INFO - 💬 [用户_2] 从武昌
2025-09-13 16:50:54,310 - INFO - 💬 [用户_2] 回湖南
2025-09-13 16:51:07,097 - INFO - 💬 [用户_2] 我要去北京
2025-09-13 16:51:17,934 - INFO - 💬 [用户_2] 可以的
2025-09-13 16:51:27,952 - INFO - 💬 [用户_2] 啊手动阀
2025-09-13 16:51:31,018 - INFO - 💬 [用户_2] 啊手动阀
2025-09-13 16:51:31,038 - INFO - ==================================================
2025-09-13 16:51:31,038 - INFO - 📊 监控统计信息
2025-09-13 16:51:31,038 - INFO - 运行时间: 0h 1m 3s
2025-09-13 16:51:31,039 - INFO - 本次会话消息数: 10
2025-09-13 16:51:31,039 - INFO - 数据库总消息数: 10
2025-09-13 16:51:31,039 - INFO - 唯一用户数: 3
2025-09-13 16:51:31,039 - INFO - 今日消息数: 10
2025-09-13 16:51:31,039 - INFO - ==================================================
2025-09-13 16:51:32,681 - INFO - ℹ️  系统消息: 用户_2 离开了聊天室
2025-09-13 16:51:43,289 - INFO - ℹ️  系统消息: 用户_3 加入了聊天室
2025-09-13 16:51:46,735 - INFO - 💬 [用户_3] 啊手动阀
2025-09-13 16:51:59,849 - INFO - 💬 [用户_2] 啊手动阀
2025-09-13 16:52:13,258 - INFO - 💬 [用户_2] 怎么可能内？
2025-09-13 16:53:16,516 - INFO - 💬 [用户_2] 真的可以吗？
2025-09-13 16:53:56,126 - INFO - 💬 [用户_2] 啊啊啊啊啊啊啊啊啊啊啊
2025-09-13 16:54:39,515 - INFO - 💬 [用户_2] 阿三发射点发
2025-09-13 16:54:41,367 - INFO - 💬 [用户_2] 爱的色放
2025-09-13 16:54:49,259 - INFO - 💬 [用户_3] 啊手动阀
2025-09-13 16:54:49,277 - INFO - ==================================================
2025-09-13 16:54:49,277 - INFO - 📊 监控统计信息
2025-09-13 16:54:49,277 - INFO - 运行时间: 0h 4m 21s
2025-09-13 16:54:49,277 - INFO - 本次会话消息数: 20
2025-09-13 16:54:49,278 - INFO - 数据库总消息数: 20
2025-09-13 16:54:49,278 - INFO - 唯一用户数: 4
2025-09-13 16:54:49,278 - INFO - 今日消息数: 20
2025-09-13 16:54:49,279 - INFO - ==================================================
2025-09-13 16:55:11,197 - INFO - 💬 [用户_3] 啊手动阀
2025-09-13 16:55:19,150 - WARNING - WebSocket连接被关闭
2025-09-13 16:55:19,150 - INFO - 将在 5 秒后重连 (尝试 1/10)
2025-09-13 16:55:24,157 - INFO - 正在连接到 ws://localhost:8000/ws/chat
2025-09-13 16:55:28,230 - ERROR - 连接失败: [WinError 1225] 远程计算机拒绝网络连接。
2025-09-13 16:55:28,231 - INFO - 将在 5 秒后重连 (尝试 2/10)
2025-09-13 16:55:30,346 - INFO - 收到退出信号，正在关闭监控器...
2025-09-13 16:55:30,411 - INFO - 收到中断信号，正在关闭系统...
2025-09-13 16:55:30,417 - INFO - Web界面进程已关闭
